2023-08-27 17:01:13,265:INFO: -------- Dataset Build! --------
2023-08-27 17:01:13,266:INFO: -------- Get Dataloader! --------
2023-08-27 17:05:56,418:INFO: Epoch: 1, loss: 9.189226150512695
2023-08-27 17:06:21,606:INFO: Epoch: 1, Dev loss: 8.113951683044434, Bleu Score: 0.0023520058908816322
2023-08-27 17:06:22,288:INFO: -------- Save Best Model! --------
2023-08-27 17:11:00,431:INFO: Epoch: 2, loss: 7.8233256340026855
2023-08-27 17:12:06,425:INFO: Epoch: 2, Dev loss: 7.551301956176758, Bleu Score: 0.0577747380041358
2023-08-27 17:12:07,111:INFO: -------- Save Best Model! --------
2023-08-27 17:16:47,297:INFO: Epoch: 3, loss: 7.28259801864624
2023-08-27 17:17:56,578:INFO: Epoch: 3, Dev loss: 6.990196228027344, Bleu Score: 0.4496526382801778
2023-08-27 17:17:57,271:INFO: -------- Save Best Model! --------
2023-08-27 17:22:36,309:INFO: Epoch: 4, loss: 6.7173943519592285
2023-08-27 17:23:22,679:INFO: Epoch: 4, Dev loss: 6.425780773162842, Bleu Score: 2.0245411641126223
2023-08-27 17:23:23,390:INFO: -------- Save Best Model! --------
2023-08-27 17:28:02,863:INFO: Epoch: 5, loss: 6.147358417510986
2023-08-27 17:28:43,436:INFO: Epoch: 5, Dev loss: 5.856065273284912, Bleu Score: 6.522283908921039
2023-08-27 17:28:44,112:INFO: -------- Save Best Model! --------
2023-08-27 17:33:23,236:INFO: Epoch: 6, loss: 5.551316738128662
2023-08-27 17:34:04,475:INFO: Epoch: 6, Dev loss: 5.279599189758301, Bleu Score: 12.624655029950983
2023-08-27 17:34:05,167:INFO: -------- Save Best Model! --------
2023-08-27 17:38:45,543:INFO: Epoch: 7, loss: 4.944001197814941
2023-08-27 17:39:22,004:INFO: Epoch: 7, Dev loss: 4.71129846572876, Bleu Score: 17.65493472263329
2023-08-27 17:39:22,677:INFO: -------- Save Best Model! --------
2023-08-27 17:44:03,250:INFO: Epoch: 8, loss: 4.389040470123291
2023-08-27 17:44:35,491:INFO: Epoch: 8, Dev loss: 4.281235218048096, Bleu Score: 20.858185745415973
2023-08-27 17:44:36,178:INFO: -------- Save Best Model! --------
2023-08-27 17:49:15,922:INFO: Epoch: 9, loss: 3.933476448059082
2023-08-27 17:49:49,459:INFO: Epoch: 9, Dev loss: 3.9721732139587402, Bleu Score: 23.33014340536554
2023-08-27 17:49:50,141:INFO: -------- Save Best Model! --------
2023-08-27 17:54:30,412:INFO: Epoch: 10, loss: 3.5729453563690186
2023-08-27 17:55:05,605:INFO: Epoch: 10, Dev loss: 3.778165817260742, Bleu Score: 25.208201028929142
2023-08-27 17:55:06,268:INFO: -------- Save Best Model! --------
2023-08-27 17:59:46,845:INFO: Epoch: 11, loss: 3.2815563678741455
2023-08-27 18:00:19,164:INFO: Epoch: 11, Dev loss: 3.6364212036132812, Bleu Score: 25.395948771733938
2023-08-27 18:00:19,858:INFO: -------- Save Best Model! --------
2023-08-27 18:04:58,528:INFO: Epoch: 12, loss: 3.0372397899627686
2023-08-27 18:05:30,827:INFO: Epoch: 12, Dev loss: 3.5797178745269775, Bleu Score: 25.712344087909855
2023-08-27 18:05:31,293:INFO: -------- Save Best Model! --------
2023-08-27 18:10:11,710:INFO: Epoch: 13, loss: 2.822145938873291
2023-08-27 18:10:44,657:INFO: Epoch: 13, Dev loss: 3.5244593620300293, Bleu Score: 27.525367503905372
2023-08-27 18:10:45,344:INFO: -------- Save Best Model! --------
2023-08-27 18:15:25,840:INFO: Epoch: 14, loss: 2.628627061843872
2023-08-27 18:15:59,822:INFO: Epoch: 14, Dev loss: 3.5335052013397217, Bleu Score: 26.724207403048112
2023-08-27 18:15:59,823:INFO: Early Stop Left: 4
2023-08-27 18:20:40,721:INFO: Epoch: 15, loss: 2.4446544647216797
2023-08-27 18:21:12,479:INFO: Epoch: 15, Dev loss: 3.5336754322052, Bleu Score: 26.313031108041667
2023-08-27 18:21:12,480:INFO: Early Stop Left: 3
2023-08-27 18:25:53,235:INFO: Epoch: 16, loss: 2.2333297729492188
2023-08-27 18:26:28,132:INFO: Epoch: 16, Dev loss: 3.553034782409668, Bleu Score: 27.52162868361981
2023-08-27 18:26:28,132:INFO: Early Stop Left: 2
2023-08-27 18:31:08,316:INFO: Epoch: 17, loss: 2.0265767574310303
2023-08-27 18:31:42,363:INFO: Epoch: 17, Dev loss: 3.614497423171997, Bleu Score: 27.343849358835943
2023-08-27 18:31:42,364:INFO: Early Stop Left: 1
2023-08-27 18:36:23,413:INFO: Epoch: 18, loss: 1.8378273248672485
2023-08-27 18:36:56,705:INFO: Epoch: 18, Dev loss: 3.660334348678589, Bleu Score: 27.083245012029764
2023-08-27 18:36:56,706:INFO: Early Stop Left: 0
2023-08-27 18:36:56,706:INFO: -------- Early Stop! --------
