2023-08-30 07:45:04,075:INFO: -------- Dataset Build! --------
2023-08-30 07:45:04,076:INFO: -------- Get Dataloader! --------
2023-08-30 07:54:59,432:INFO: Epoch: 1, loss: 5.11314582824707
2023-08-30 07:56:03,079:INFO: Epoch: 1, Dev loss: 4.9955339431762695, Bleu Score: 11.232584155194706
2023-08-30 07:56:03,541:INFO: -------- Save Best Model! --------
2023-08-30 08:05:45,021:INFO: Epoch: 2, loss: 4.892933368682861
2023-08-30 08:06:49,896:INFO: Epoch: 2, Dev loss: 4.941141605377197, Bleu Score: 11.5641437457593
2023-08-30 08:06:50,493:INFO: -------- Save Best Model! --------
2023-08-30 08:16:31,477:INFO: Epoch: 3, loss: 4.865155220031738
2023-08-30 08:17:34,684:INFO: Epoch: 3, Dev loss: 4.928347587585449, Bleu Score: 11.37283775895341
2023-08-30 08:17:34,839:INFO: Early Stop Left: 4
2023-08-30 08:27:15,530:INFO: Epoch: 4, loss: 4.852874279022217
2023-08-30 08:28:19,920:INFO: Epoch: 4, Dev loss: 4.92288064956665, Bleu Score: 11.522638836532522
2023-08-30 08:28:20,076:INFO: Early Stop Left: 3
2023-08-30 08:38:01,856:INFO: Epoch: 5, loss: 4.846497058868408
2023-08-30 08:39:06,806:INFO: Epoch: 5, Dev loss: 4.9207587242126465, Bleu Score: 11.59392902189695
2023-08-30 08:39:07,397:INFO: -------- Save Best Model! --------
2023-08-30 08:48:47,530:INFO: Epoch: 6, loss: 4.843014717102051
2023-08-30 08:49:52,144:INFO: Epoch: 6, Dev loss: 4.913194179534912, Bleu Score: 11.563639707205168
2023-08-30 08:49:52,295:INFO: Early Stop Left: 4
2023-08-30 08:59:32,365:INFO: Epoch: 7, loss: 4.839687824249268
2023-08-30 09:00:36,296:INFO: Epoch: 7, Dev loss: 4.912390232086182, Bleu Score: 11.549706397210974
2023-08-30 09:00:36,447:INFO: Early Stop Left: 3
2023-08-30 09:10:20,962:INFO: Epoch: 8, loss: 4.836995601654053
2023-08-30 09:11:25,339:INFO: Epoch: 8, Dev loss: 4.904735565185547, Bleu Score: 11.573960483636329
2023-08-30 09:11:25,491:INFO: Early Stop Left: 2
2023-08-30 09:21:06,492:INFO: Epoch: 9, loss: 4.8351945877075195
2023-08-30 09:22:10,665:INFO: Epoch: 9, Dev loss: 4.901804447174072, Bleu Score: 11.683555222721859
2023-08-30 09:22:11,259:INFO: -------- Save Best Model! --------
2023-08-30 09:31:54,262:INFO: Epoch: 10, loss: 4.832764148712158
2023-08-30 09:32:59,306:INFO: Epoch: 10, Dev loss: 4.901439666748047, Bleu Score: 11.547750002002505
2023-08-30 09:32:59,460:INFO: Early Stop Left: 4
2023-08-30 09:42:44,046:INFO: Epoch: 11, loss: 4.832528591156006
2023-08-30 09:43:49,674:INFO: Epoch: 11, Dev loss: 4.899044036865234, Bleu Score: 11.727755198176292
2023-08-30 09:43:50,212:INFO: -------- Save Best Model! --------
2023-08-30 09:53:34,646:INFO: Epoch: 12, loss: 4.830249786376953
2023-08-30 09:54:39,605:INFO: Epoch: 12, Dev loss: 4.8975629806518555, Bleu Score: 11.594408331709229
2023-08-30 09:54:39,761:INFO: Early Stop Left: 4
2023-08-30 10:04:43,472:INFO: Epoch: 13, loss: 4.828964710235596
2023-08-30 10:05:48,974:INFO: Epoch: 13, Dev loss: 4.896399974822998, Bleu Score: 11.639425709691116
2023-08-30 10:05:49,132:INFO: Early Stop Left: 3
2023-08-30 10:16:04,552:INFO: Epoch: 14, loss: 4.8290181159973145
2023-08-30 10:17:10,420:INFO: Epoch: 14, Dev loss: 4.896123886108398, Bleu Score: 11.630599149900064
2023-08-30 10:17:10,581:INFO: Early Stop Left: 2
2023-08-30 10:27:20,525:INFO: Epoch: 15, loss: 4.827226161956787
2023-08-30 10:28:25,224:INFO: Epoch: 15, Dev loss: 4.893433570861816, Bleu Score: 11.54034365834441
2023-08-30 10:28:25,378:INFO: Early Stop Left: 1
2023-08-30 10:38:32,106:INFO: Epoch: 16, loss: 4.826639175415039
2023-08-30 10:39:36,519:INFO: Epoch: 16, Dev loss: 4.8947577476501465, Bleu Score: 11.64263417979028
2023-08-30 10:39:36,696:INFO: Early Stop Left: 0
2023-08-30 10:39:36,696:INFO: -------- Early Stop! --------
